TN:
SF:env.ts
FNF:0
FNH:0
DA:2,1
DA:3,1
DA:4,1
DA:5,1
DA:6,1
DA:7,1
DA:8,1
DA:9,0
DA:12,1
DA:14,1
DA:23,1
DA:24,1
DA:25,1
DA:26,1
DA:27,1
DA:28,1
LF:16
LH:15
BRDA:6,0,0,1
BRDA:6,0,1,0
BRDA:8,1,0,0
BRDA:8,1,1,1
BRDA:23,2,0,1
BRDA:23,2,1,0
BRF:6
BRH:3
end_of_record
TN:
SF:knex.ts
FN:2,(anonymous_0)
FNF:1
FNH:1
FNDA:1,(anonymous_0)
DA:2,1
DA:3,1
DA:5,1
DA:6,1
DA:7,1
DA:8,1
DA:9,1
DA:10,1
DA:11,1
DA:12,1
LF:10
LH:10
BRDA:2,0,0,1
BRDA:2,0,1,1
BRDA:2,0,2,1
BRDA:3,1,0,0
BRDA:3,1,1,1
BRDA:3,2,0,1
BRDA:3,2,1,1
BRF:7
BRH:6
end_of_record
TN:
SF:knexfile.ts
FNF:0
FNH:0
DA:2,1
DA:3,1
DA:4,1
DA:6,1
DA:56,1
LF:5
LH:5
BRF:0
BRH:0
end_of_record
TN:
SF:migrations/20220619151540_create-users-table.ts
FN:2,(anonymous_0)
FN:3,adopt
FN:3,(anonymous_2)
FN:4,(anonymous_3)
FN:5,fulfilled
FN:6,rejected
FN:7,step
FN:13,up
FN:14,(anonymous_8)
FN:15,(anonymous_9)
FN:26,down
FN:27,(anonymous_11)
FNF:12
FNH:11
FNDA:2,(anonymous_0)
FNDA:2,adopt
FNDA:2,(anonymous_2)
FNDA:2,(anonymous_3)
FNDA:2,fulfilled
FNDA:0,rejected
FNDA:4,step
FNDA:1,up
FNDA:1,(anonymous_8)
FNDA:1,(anonymous_9)
FNDA:1,down
FNDA:1,(anonymous_11)
DA:2,1
DA:3,2
DA:4,2
DA:5,2
DA:6,0
DA:7,4
DA:8,2
DA:11,1
DA:12,1
DA:14,1
DA:15,1
DA:16,1
DA:17,1
DA:18,1
DA:19,1
DA:20,1
DA:21,1
DA:25,1
DA:27,1
DA:28,1
DA:31,1
LF:21
LH:20
BRDA:2,0,0,1
BRDA:2,0,1,1
BRDA:2,0,2,1
BRDA:3,1,0,0
BRDA:3,1,1,2
BRDA:4,2,0,2
BRDA:4,2,1,2
BRDA:7,3,0,2
BRDA:7,3,1,2
BRDA:8,4,0,2
BRDA:8,4,1,2
BRF:11
BRH:10
end_of_record
TN:
SF:migrations/20220619155248_create-post-table.ts
FN:2,(anonymous_0)
FN:3,adopt
FN:3,(anonymous_2)
FN:4,(anonymous_3)
FN:5,fulfilled
FN:6,rejected
FN:7,step
FN:13,up
FN:14,(anonymous_8)
FN:15,(anonymous_9)
FN:30,down
FN:31,(anonymous_11)
FNF:12
FNH:11
FNDA:2,(anonymous_0)
FNDA:2,adopt
FNDA:2,(anonymous_2)
FNDA:2,(anonymous_3)
FNDA:2,fulfilled
FNDA:0,rejected
FNDA:4,step
FNDA:1,up
FNDA:1,(anonymous_8)
FNDA:1,(anonymous_9)
FNDA:1,down
FNDA:1,(anonymous_11)
DA:2,1
DA:3,2
DA:4,2
DA:5,2
DA:6,0
DA:7,4
DA:8,2
DA:11,1
DA:12,1
DA:14,1
DA:15,1
DA:16,1
DA:17,1
DA:18,1
DA:19,1
DA:20,1
DA:21,1
DA:22,1
DA:29,1
DA:31,1
DA:32,1
DA:35,1
LF:22
LH:21
BRDA:2,0,0,1
BRDA:2,0,1,1
BRDA:2,0,2,1
BRDA:3,1,0,0
BRDA:3,1,1,2
BRDA:4,2,0,2
BRDA:4,2,1,2
BRDA:7,3,0,2
BRDA:7,3,1,2
BRDA:8,4,0,2
BRDA:8,4,1,2
BRF:11
BRH:10
end_of_record
TN:
SF:migrations/20220619165352_create-tags-table.ts
FN:2,(anonymous_0)
FN:3,adopt
FN:3,(anonymous_2)
FN:4,(anonymous_3)
FN:5,fulfilled
FN:6,rejected
FN:7,step
FN:13,up
FN:14,(anonymous_8)
FN:15,(anonymous_9)
FN:22,down
FN:23,(anonymous_11)
FNF:12
FNH:11
FNDA:2,(anonymous_0)
FNDA:2,adopt
FNDA:2,(anonymous_2)
FNDA:2,(anonymous_3)
FNDA:2,fulfilled
FNDA:0,rejected
FNDA:4,step
FNDA:1,up
FNDA:1,(anonymous_8)
FNDA:1,(anonymous_9)
FNDA:1,down
FNDA:1,(anonymous_11)
DA:2,1
DA:3,2
DA:4,2
DA:5,2
DA:6,0
DA:7,4
DA:8,2
DA:11,1
DA:12,1
DA:14,1
DA:15,1
DA:16,1
DA:17,1
DA:21,1
DA:23,1
DA:24,1
DA:27,1
LF:17
LH:16
BRDA:2,0,0,1
BRDA:2,0,1,1
BRDA:2,0,2,1
BRDA:3,1,0,0
BRDA:3,1,1,2
BRDA:4,2,0,2
BRDA:4,2,1,2
BRDA:7,3,0,2
BRDA:7,3,1,2
BRDA:8,4,0,2
BRDA:8,4,1,2
BRF:11
BRH:10
end_of_record
TN:
SF:migrations/20220619165704_create-post_tag-table.ts
FN:2,(anonymous_0)
FN:3,adopt
FN:3,(anonymous_2)
FN:4,(anonymous_3)
FN:5,fulfilled
FN:6,rejected
FN:7,step
FN:13,up
FN:14,(anonymous_8)
FN:15,(anonymous_9)
FN:23,down
FN:24,(anonymous_11)
FNF:12
FNH:11
FNDA:2,(anonymous_0)
FNDA:2,adopt
FNDA:2,(anonymous_2)
FNDA:2,(anonymous_3)
FNDA:2,fulfilled
FNDA:0,rejected
FNDA:4,step
FNDA:1,up
FNDA:1,(anonymous_8)
FNDA:1,(anonymous_9)
FNDA:1,down
FNDA:1,(anonymous_11)
DA:2,1
DA:3,2
DA:4,2
DA:5,2
DA:6,0
DA:7,4
DA:8,2
DA:11,1
DA:12,1
DA:14,1
DA:15,1
DA:16,1
DA:17,1
DA:18,1
DA:22,1
DA:24,1
DA:25,1
DA:28,1
LF:18
LH:17
BRDA:2,0,0,1
BRDA:2,0,1,1
BRDA:2,0,2,1
BRDA:3,1,0,0
BRDA:3,1,1,2
BRDA:4,2,0,2
BRDA:4,2,1,2
BRDA:7,3,0,2
BRDA:7,3,1,2
BRDA:8,4,0,2
BRDA:8,4,1,2
BRF:11
BRH:10
end_of_record
TN:
SF:seeds/create-users.ts
FN:2,(anonymous_0)
FN:3,adopt
FN:3,(anonymous_2)
FN:4,(anonymous_3)
FN:5,fulfilled
FN:6,rejected
FN:7,step
FN:13,seed
FN:14,(anonymous_8)
FN:20,(anonymous_9)
FNF:10
FNH:9
FNDA:1,(anonymous_0)
FNDA:2,adopt
FNDA:1,(anonymous_2)
FNDA:1,(anonymous_3)
FNDA:2,fulfilled
FNDA:0,rejected
FNDA:3,step
FNDA:1,seed
FNDA:1,(anonymous_8)
FNDA:1,(anonymous_9)
DA:2,1
DA:3,2
DA:4,1
DA:5,2
DA:6,0
DA:7,3
DA:8,1
DA:11,1
DA:12,1
DA:14,1
DA:16,1
DA:18,1
DA:21,1
DA:22,1
DA:23,1
DA:27,1
LF:16
LH:15
BRDA:2,0,0,1
BRDA:2,0,1,1
BRDA:2,0,2,1
BRDA:3,1,0,1
BRDA:3,1,1,1
BRDA:4,2,0,1
BRDA:4,2,1,1
BRDA:7,3,0,1
BRDA:7,3,1,2
BRDA:8,4,0,1
BRDA:8,4,1,1
BRF:11
BRH:11
end_of_record
